Traceback (most recent call last):
  File "./src/main.py", line 5, in <module>
    from renderer.main import MainRenderer
  File "/home/pi/nhl-led-scoreboard/src/renderer/main.py", line 5, in <module>
    from boards.boards import Boards
  File "/home/pi/nhl-led-scoreboard/src/boards/boards.py", line 20, in <module>
    from boards.stonks import Stonks
  File "/home/pi/nhl-led-scoreboard/src/boards/stonks.py", line 6, in <module>
    import yfinance as yf
  File "/usr/local/lib/python3.7/dist-packages/yfinance/__init__.py", line 23, in <module>
    from .ticker import Ticker
  File "/usr/local/lib/python3.7/dist-packages/yfinance/ticker.py", line 27, in <module>
    import pandas as _pd
  File "/usr/local/lib/python3.7/dist-packages/pandas/__init__.py", line 22, in <module>
    from pandas.compat.numpy import (
  File "/usr/local/lib/python3.7/dist-packages/pandas/compat/numpy/__init__.py", line 21, in <module>
    f"this version of pandas is incompatible with numpy < {_min_numpy_ver}\n"
ImportError: this version of pandas is incompatible with numpy < 1.16.5
your numpy version is 1.16.2.
Please upgrade numpy to >= 1.16.5 to use this pandas version